mode: set
github.com/tis24dev/proxmox-backup/internal/config/config.go:58.53,59.35 1 1
github.com/tis24dev/proxmox-backup/internal/config/config.go:63.2,64.16 2 1
github.com/tis24dev/proxmox-backup/internal/config/config.go:67.2,75.21 5 1
github.com/tis24dev/proxmox-backup/internal/config/config.go:94.2,94.38 1 1
github.com/tis24dev/proxmox-backup/internal/config/config.go:99.2,99.36 1 1
github.com/tis24dev/proxmox-backup/internal/config/config.go:103.2,103.17 1 1
github.com/tis24dev/proxmox-backup/internal/config/config.go:59.35,61.3 1 1
github.com/tis24dev/proxmox-backup/internal/config/config.go:64.16,66.3 1 0
github.com/tis24dev/proxmox-backup/internal/config/config.go:75.21,80.28 3 1
github.com/tis24dev/proxmox-backup/internal/config/config.go:85.3,86.10 2 1
github.com/tis24dev/proxmox-backup/internal/config/config.go:91.3,91.23 1 1
github.com/tis24dev/proxmox-backup/internal/config/config.go:80.28,81.12 1 1
github.com/tis24dev/proxmox-backup/internal/config/config.go:86.10,88.12 1 0
github.com/tis24dev/proxmox-backup/internal/config/config.go:94.38,96.3 1 0
github.com/tis24dev/proxmox-backup/internal/config/config.go:99.36,101.3 1 0
github.com/tis24dev/proxmox-backup/internal/config/config.go:107.32,147.2 25 1
github.com/tis24dev/proxmox-backup/internal/config/config.go:151.61,152.31 1 1
github.com/tis24dev/proxmox-backup/internal/config/config.go:155.2,155.21 1 1
github.com/tis24dev/proxmox-backup/internal/config/config.go:152.31,154.3 1 1
github.com/tis24dev/proxmox-backup/internal/config/config.go:158.62,159.31 1 1
github.com/tis24dev/proxmox-backup/internal/config/config.go:162.2,162.21 1 1
github.com/tis24dev/proxmox-backup/internal/config/config.go:159.31,161.3 1 1
github.com/tis24dev/proxmox-backup/internal/config/config.go:165.59,166.31 1 1
github.com/tis24dev/proxmox-backup/internal/config/config.go:171.2,171.21 1 1
github.com/tis24dev/proxmox-backup/internal/config/config.go:166.31,167.51 1 1
github.com/tis24dev/proxmox-backup/internal/config/config.go:167.51,169.4 1 1
github.com/tis24dev/proxmox-backup/internal/config/config.go:174.86,175.31 1 1
github.com/tis24dev/proxmox-backup/internal/config/config.go:180.2,180.21 1 1
github.com/tis24dev/proxmox-backup/internal/config/config.go:175.31,176.51 1 1
github.com/tis24dev/proxmox-backup/internal/config/config.go:176.51,178.4 1 1
github.com/tis24dev/proxmox-backup/internal/config/config.go:183.107,184.31 1 1
github.com/tis24dev/proxmox-backup/internal/config/config.go:187.2,187.21 1 1
github.com/tis24dev/proxmox-backup/internal/config/config.go:184.31,186.3 1 1
github.com/tis24dev/proxmox-backup/internal/config/config.go:191.49,194.2 2 1
github.com/tis24dev/proxmox-backup/internal/config/config.go:197.41,199.2 1 1
github.com/tis24dev/proxmox-backup/internal/logging/logger.go:21.55,28.2 1 1
github.com/tis24dev/proxmox-backup/internal/logging/logger.go:31.41,33.2 1 1
github.com/tis24dev/proxmox-backup/internal/logging/logger.go:36.49,38.2 1 1
github.com/tis24dev/proxmox-backup/internal/logging/logger.go:41.44,43.2 1 1
github.com/tis24dev/proxmox-backup/internal/logging/logger.go:46.80,47.21 1 1
github.com/tis24dev/proxmox-backup/internal/logging/logger.go:51.2,58.16 6 1
github.com/tis24dev/proxmox-backup/internal/logging/logger.go:74.2,82.30 2 1
github.com/tis24dev/proxmox-backup/internal/logging/logger.go:47.21,49.3 1 1
github.com/tis24dev/proxmox-backup/internal/logging/logger.go:58.16,60.16 2 1
github.com/tis24dev/proxmox-backup/internal/logging/logger.go:61.28,62.26 1 0
github.com/tis24dev/proxmox-backup/internal/logging/logger.go:63.27,64.26 1 1
github.com/tis24dev/proxmox-backup/internal/logging/logger.go:65.30,66.26 1 0
github.com/tis24dev/proxmox-backup/internal/logging/logger.go:67.28,68.26 1 0
github.com/tis24dev/proxmox-backup/internal/logging/logger.go:69.31,70.28 1 0
github.com/tis24dev/proxmox-backup/internal/logging/logger.go:86.60,88.2 1 1
github.com/tis24dev/proxmox-backup/internal/logging/logger.go:91.59,93.2 1 1
github.com/tis24dev/proxmox-backup/internal/logging/logger.go:96.62,98.2 1 1
github.com/tis24dev/proxmox-backup/internal/logging/logger.go:101.60,103.2 1 1
github.com/tis24dev/proxmox-backup/internal/logging/logger.go:106.63,108.2 1 1
github.com/tis24dev/proxmox-backup/internal/logging/logger.go:111.85,114.2 2 0
github.com/tis24dev/proxmox-backup/internal/logging/logger.go:119.13,121.2 1 1
github.com/tis24dev/proxmox-backup/internal/logging/logger.go:124.39,126.2 1 1
github.com/tis24dev/proxmox-backup/internal/logging/logger.go:129.33,131.2 1 1
github.com/tis24dev/proxmox-backup/internal/logging/logger.go:136.48,138.2 1 1
github.com/tis24dev/proxmox-backup/internal/logging/logger.go:141.47,143.2 1 1
github.com/tis24dev/proxmox-backup/internal/logging/logger.go:146.50,148.2 1 1
github.com/tis24dev/proxmox-backup/internal/logging/logger.go:151.48,153.2 1 1
github.com/tis24dev/proxmox-backup/internal/logging/logger.go:156.51,158.2 1 1
github.com/tis24dev/proxmox-backup/internal/logging/logger.go:161.73,163.2 1 0
github.com/tis24dev/proxmox-backup/internal/cli/args.go:21.20,52.22 13 0
github.com/tis24dev/proxmox-backup/internal/cli/args.go:64.2,67.23 2 0
github.com/tis24dev/proxmox-backup/internal/cli/args.go:73.2,73.13 1 0
github.com/tis24dev/proxmox-backup/internal/cli/args.go:52.22,61.3 8 0
github.com/tis24dev/proxmox-backup/internal/cli/args.go:67.23,69.3 1 0
github.com/tis24dev/proxmox-backup/internal/cli/args.go:69.8,71.3 1 0
github.com/tis24dev/proxmox-backup/internal/cli/args.go:77.45,78.11 1 1
github.com/tis24dev/proxmox-backup/internal/cli/args.go:79.20,80.29 1 1
github.com/tis24dev/proxmox-backup/internal/cli/args.go:81.19,82.28 1 1
github.com/tis24dev/proxmox-backup/internal/cli/args.go:83.22,84.31 1 1
github.com/tis24dev/proxmox-backup/internal/cli/args.go:85.20,86.29 1 1
github.com/tis24dev/proxmox-backup/internal/cli/args.go:87.23,88.32 1 1
github.com/tis24dev/proxmox-backup/internal/cli/args.go:89.19,90.28 1 1
github.com/tis24dev/proxmox-backup/internal/cli/args.go:91.10,92.28 1 1
github.com/tis24dev/proxmox-backup/internal/cli/args.go:97.17,100.2 2 0
github.com/tis24dev/proxmox-backup/internal/cli/args.go:103.20,109.2 5 0
github.com/tis24dev/proxmox-backup/internal/environment/detect.go:17.44,19.32 1 1
github.com/tis24dev/proxmox-backup/internal/environment/detect.go:24.2,24.32 1 1
github.com/tis24dev/proxmox-backup/internal/environment/detect.go:28.2,28.29 1 1
github.com/tis24dev/proxmox-backup/internal/environment/detect.go:19.32,21.3 1 0
github.com/tis24dev/proxmox-backup/internal/environment/detect.go:24.32,26.3 1 0
github.com/tis24dev/proxmox-backup/internal/environment/detect.go:32.58,35.15 2 1
github.com/tis24dev/proxmox-backup/internal/environment/detect.go:44.2,45.16 2 1
github.com/tis24dev/proxmox-backup/internal/environment/detect.go:49.2,50.21 2 0
github.com/tis24dev/proxmox-backup/internal/environment/detect.go:36.23,37.31 1 1
github.com/tis24dev/proxmox-backup/internal/environment/detect.go:38.23,39.31 1 0
github.com/tis24dev/proxmox-backup/internal/environment/detect.go:40.10,41.59 1 1
github.com/tis24dev/proxmox-backup/internal/environment/detect.go:45.16,47.3 1 1
github.com/tis24dev/proxmox-backup/internal/environment/detect.go:60.41,62.35 2 1
github.com/tis24dev/proxmox-backup/internal/environment/detect.go:69.2,70.16 2 0
github.com/tis24dev/proxmox-backup/internal/environment/detect.go:77.2,80.8 1 0
github.com/tis24dev/proxmox-backup/internal/environment/detect.go:62.35,67.3 1 1
github.com/tis24dev/proxmox-backup/internal/environment/detect.go:70.16,75.3 1 0
github.com/tis24dev/proxmox-backup/internal/environment/detect.go:84.35,86.16 2 1
github.com/tis24dev/proxmox-backup/internal/environment/detect.go:89.2,89.22 1 1
github.com/tis24dev/proxmox-backup/internal/environment/detect.go:86.16,88.3 1 1
github.com/tis24dev/proxmox-backup/internal/types/common.go:20.38,22.2 1 1
github.com/tis24dev/proxmox-backup/internal/types/common.go:45.42,47.2 1 1
github.com/tis24dev/proxmox-backup/internal/types/common.go:88.42,90.2 1 1
github.com/tis24dev/proxmox-backup/internal/types/common.go:116.35,117.11 1 1
github.com/tis24dev/proxmox-backup/internal/types/common.go:118.21,119.17 1 1
github.com/tis24dev/proxmox-backup/internal/types/common.go:120.20,121.16 1 1
github.com/tis24dev/proxmox-backup/internal/types/common.go:122.23,123.19 1 1
github.com/tis24dev/proxmox-backup/internal/types/common.go:124.21,125.17 1 1
github.com/tis24dev/proxmox-backup/internal/types/common.go:126.24,127.20 1 1
github.com/tis24dev/proxmox-backup/internal/types/common.go:128.20,129.16 1 1
github.com/tis24dev/proxmox-backup/internal/types/common.go:130.10,131.19 1 1
github.com/tis24dev/proxmox-backup/internal/types/exit_codes.go:36.35,37.11 1 1
github.com/tis24dev/proxmox-backup/internal/types/exit_codes.go:38.19,39.19 1 1
github.com/tis24dev/proxmox-backup/internal/types/exit_codes.go:40.24,41.25 1 1
github.com/tis24dev/proxmox-backup/internal/types/exit_codes.go:42.23,43.31 1 1
github.com/tis24dev/proxmox-backup/internal/types/exit_codes.go:44.28,45.29 1 1
github.com/tis24dev/proxmox-backup/internal/types/exit_codes.go:46.23,47.24 1 1
github.com/tis24dev/proxmox-backup/internal/types/exit_codes.go:48.24,49.25 1 1
github.com/tis24dev/proxmox-backup/internal/types/exit_codes.go:50.24,51.25 1 1
github.com/tis24dev/proxmox-backup/internal/types/exit_codes.go:52.27,53.28 1 1
github.com/tis24dev/proxmox-backup/internal/types/exit_codes.go:54.29,55.30 1 1
github.com/tis24dev/proxmox-backup/internal/types/exit_codes.go:56.10,57.25 1 1
github.com/tis24dev/proxmox-backup/internal/types/exit_codes.go:62.29,64.2 1 1
github.com/tis24dev/proxmox-backup/pkg/utils/files.go:12.35,14.24 2 1
github.com/tis24dev/proxmox-backup/pkg/utils/files.go:17.2,17.22 1 1
github.com/tis24dev/proxmox-backup/pkg/utils/files.go:14.24,16.3 1 1
github.com/tis24dev/proxmox-backup/pkg/utils/files.go:21.34,23.24 2 1
github.com/tis24dev/proxmox-backup/pkg/utils/files.go:26.2,26.21 1 1
github.com/tis24dev/proxmox-backup/pkg/utils/files.go:23.24,25.3 1 1
github.com/tis24dev/proxmox-backup/pkg/utils/files.go:30.35,31.21 1 1
github.com/tis24dev/proxmox-backup/pkg/utils/files.go:34.2,34.32 1 1
github.com/tis24dev/proxmox-backup/pkg/utils/files.go:31.21,33.3 1 1
github.com/tis24dev/proxmox-backup/pkg/utils/files.go:38.53,40.16 2 1
github.com/tis24dev/proxmox-backup/pkg/utils/files.go:43.2,46.47 3 1
github.com/tis24dev/proxmox-backup/pkg/utils/files.go:50.2,50.46 1 1
github.com/tis24dev/proxmox-backup/pkg/utils/files.go:40.16,42.3 1 1
github.com/tis24dev/proxmox-backup/pkg/utils/files.go:46.47,48.3 1 0
github.com/tis24dev/proxmox-backup/pkg/utils/files.go:54.50,56.16 2 1
github.com/tis24dev/proxmox-backup/pkg/utils/files.go:59.2,59.25 1 1
github.com/tis24dev/proxmox-backup/pkg/utils/files.go:56.16,58.3 1 1
github.com/tis24dev/proxmox-backup/pkg/utils/files.go:63.43,65.16 2 1
github.com/tis24dev/proxmox-backup/pkg/utils/files.go:68.2,68.21 1 1
github.com/tis24dev/proxmox-backup/pkg/utils/files.go:65.16,67.3 1 0
github.com/tis24dev/proxmox-backup/pkg/utils/files.go:72.34,74.2 1 1
github.com/tis24dev/proxmox-backup/pkg/utils/strings.go:9.38,11.18 2 1
github.com/tis24dev/proxmox-backup/pkg/utils/strings.go:14.2,15.46 2 1
github.com/tis24dev/proxmox-backup/pkg/utils/strings.go:19.2,19.76 1 1
github.com/tis24dev/proxmox-backup/pkg/utils/strings.go:11.18,13.3 1 1
github.com/tis24dev/proxmox-backup/pkg/utils/strings.go:15.46,18.3 2 1
github.com/tis24dev/proxmox-backup/pkg/utils/strings.go:23.31,26.2 2 1
github.com/tis24dev/proxmox-backup/pkg/utils/strings.go:29.34,31.17 2 1
github.com/tis24dev/proxmox-backup/pkg/utils/strings.go:36.2,36.10 1 1
github.com/tis24dev/proxmox-backup/pkg/utils/strings.go:31.17,32.83 1 1
github.com/tis24dev/proxmox-backup/pkg/utils/strings.go:32.83,34.4 1 1
github.com/tis24dev/proxmox-backup/pkg/utils/strings.go:40.56,42.21 2 1
github.com/tis24dev/proxmox-backup/pkg/utils/strings.go:45.2,47.25 3 1
github.com/tis24dev/proxmox-backup/pkg/utils/strings.go:42.21,44.3 1 1
github.com/tis24dev/proxmox-backup/pkg/utils/strings.go:51.34,54.2 2 1
github.com/tis24dev/proxmox-backup/internal/orchestrator/bash.go:22.92,28.2 1 1
github.com/tis24dev/proxmox-backup/internal/orchestrator/bash.go:31.89,35.55 2 1
github.com/tis24dev/proxmox-backup/internal/orchestrator/bash.go:39.2,39.14 1 1
github.com/tis24dev/proxmox-backup/internal/orchestrator/bash.go:44.2,58.22 7 1
github.com/tis24dev/proxmox-backup/internal/orchestrator/bash.go:61.2,61.22 1 1
github.com/tis24dev/proxmox-backup/internal/orchestrator/bash.go:65.2,65.16 1 1
github.com/tis24dev/proxmox-backup/internal/orchestrator/bash.go:69.2,69.29 1 1
github.com/tis24dev/proxmox-backup/internal/orchestrator/bash.go:35.55,37.3 1 1
github.com/tis24dev/proxmox-backup/internal/orchestrator/bash.go:39.14,42.3 2 1
github.com/tis24dev/proxmox-backup/internal/orchestrator/bash.go:58.22,60.3 1 1
github.com/tis24dev/proxmox-backup/internal/orchestrator/bash.go:61.22,63.3 1 0
github.com/tis24dev/proxmox-backup/internal/orchestrator/bash.go:65.16,67.3 1 0
github.com/tis24dev/proxmox-backup/internal/orchestrator/bash.go:73.119,77.55 2 1
github.com/tis24dev/proxmox-backup/internal/orchestrator/bash.go:81.2,81.14 1 1
github.com/tis24dev/proxmox-backup/internal/orchestrator/bash.go:86.2,93.30 4 1
github.com/tis24dev/proxmox-backup/internal/orchestrator/bash.go:98.2,106.22 5 1
github.com/tis24dev/proxmox-backup/internal/orchestrator/bash.go:109.2,109.22 1 1
github.com/tis24dev/proxmox-backup/internal/orchestrator/bash.go:113.2,113.16 1 1
github.com/tis24dev/proxmox-backup/internal/orchestrator/bash.go:117.2,117.29 1 1
github.com/tis24dev/proxmox-backup/internal/orchestrator/bash.go:77.55,79.3 1 0
github.com/tis24dev/proxmox-backup/internal/orchestrator/bash.go:81.14,84.3 2 0
github.com/tis24dev/proxmox-backup/internal/orchestrator/bash.go:93.30,95.3 1 1
github.com/tis24dev/proxmox-backup/internal/orchestrator/bash.go:106.22,108.3 1 1
github.com/tis24dev/proxmox-backup/internal/orchestrator/bash.go:109.22,111.3 1 0
github.com/tis24dev/proxmox-backup/internal/orchestrator/bash.go:113.16,115.3 1 0
github.com/tis24dev/proxmox-backup/internal/orchestrator/bash.go:121.64,126.24 3 1
github.com/tis24dev/proxmox-backup/internal/orchestrator/bash.go:129.2,129.16 1 1
github.com/tis24dev/proxmox-backup/internal/orchestrator/bash.go:134.2,134.30 1 1
github.com/tis24dev/proxmox-backup/internal/orchestrator/bash.go:139.2,139.34 1 1
github.com/tis24dev/proxmox-backup/internal/orchestrator/bash.go:143.2,143.12 1 1
github.com/tis24dev/proxmox-backup/internal/orchestrator/bash.go:126.24,128.3 1 1
github.com/tis24dev/proxmox-backup/internal/orchestrator/bash.go:129.16,131.3 1 0
github.com/tis24dev/proxmox-backup/internal/orchestrator/bash.go:134.30,136.3 1 0
github.com/tis24dev/proxmox-backup/internal/orchestrator/bash.go:139.34,141.3 1 1
github.com/tis24dev/proxmox-backup/internal/orchestrator/bash.go:155.80,161.2 1 1
github.com/tis24dev/proxmox-backup/internal/orchestrator/bash.go:164.65,167.14 2 1
github.com/tis24dev/proxmox-backup/internal/orchestrator/bash.go:180.2,181.12 2 1
github.com/tis24dev/proxmox-backup/internal/orchestrator/bash.go:167.14,170.3 2 1
github.com/tis24dev/proxmox-backup/internal/orchestrator/bash.go:185.56,187.2 1 1
